#
# There is insufficient memory for the Java Runtime Environment to continue.
# Native memory allocation (malloc) failed to allocate 260016 bytes. Error detail: Chunk::new
# Possible reasons:
#   The system is out of physical RAM or swap space
#   This process is running with CompressedOops enabled, and the Java Heap may be blocking the growth of the native heap
# Possible solutions:
#   Reduce memory load on the system
#   Increase physical memory or swap space
#   Check if swap backing store is full
#   Decrease Java heap size (-Xmx/-Xms)
#   Decrease number of Java threads
#   Decrease Java thread stack sizes (-Xss)
#   Set larger code cache with -XX:ReservedCodeCacheSize=
#   JVM is running with Unscaled Compressed Oops mode in which the Java heap is
#     placed in the first 4GB address space. The Java Heap base address is the
#     maximum limit for the native heap growth. Please use -XX:HeapBaseMinAddress
#     to set the Java Heap base and to place the Java Heap above 4GB virtual address.
# This output file may be truncated or incomplete.
#
#  Out of Memory Error (arena.cpp:168), pid=6660, tid=3460
#
# JRE version: OpenJDK Runtime Environment Temurin-21.0.9+10 (21.0.9+10) (build 21.0.9+10-LTS)
# Java VM: OpenJDK 64-Bit Server VM Temurin-21.0.9+10 (21.0.9+10-LTS, mixed mode, sharing, tiered, compressed oops, compressed class ptrs, parallel gc, windows-amd64)
# No core dump will be written. Minidumps are not enabled by default on client versions of Windows
#

---------------  S U M M A R Y ------------

Command Line: --add-modules=ALL-SYSTEM --add-opens=java.base/java.util=ALL-UNNAMED --add-opens=java.base/java.lang=ALL-UNNAMED --add-opens=java.base/sun.nio.fs=ALL-UNNAMED -Declipse.application=org.eclipse.jdt.ls.core.id1 -Dosgi.bundles.defaultStartLevel=4 -Declipse.product=org.eclipse.jdt.ls.core.product -Djava.import.generatesMetadataFilesAtProjectRoot=false -DDetectVMInstallationsJob.disabled=true -Dfile.encoding=utf8 -XX:+UseParallelGC -XX:GCTimeRatio=4 -XX:AdaptiveSizePolicyWeight=90 -Dsun.zip.disableMemoryMapping=true -Xmx2G -Xms100m -Xlog:disable -javaagent:c:\Users\KOUAME\.vscode\extensions\redhat.java-1.52.0-win32-x64\lombok\lombok-1.18.39-4050.jar -XX:+HeapDumpOnOutOfMemoryError -XX:HeapDumpPath=c:\Users\KOUAME\AppData\Roaming\Code\User\workspaceStorage\4384ede30ca2c96a8f5e0ed070ba864a\redhat.java -Daether.dependencyCollector.impl=bf c:\Users\KOUAME\.vscode\extensions\redhat.java-1.52.0-win32-x64\server\plugins\org.eclipse.equinox.launcher_1.7.100.v20251111-0406.jar -configuration c:\Users\KOUAME\AppData\Roaming\Code\User\globalStorage\redhat.java\1.52.0\config_win -data c:\Users\KOUAME\AppData\Roaming\Code\User\workspaceStorage\4384ede30ca2c96a8f5e0ed070ba864a\redhat.java\jdt_ws --pipe=\\.\pipe\lsp-b8bdad401c49e953d911a3e8c60b16eb-sock

Host: 11th Gen Intel(R) Core(TM) i5-1135G7 @ 2.40GHz, 8 cores, 15G,  Windows 11 , 64 bit Build 26100 (10.0.26100.7755)
Time: Sun Feb 15 04:28:48 2026 Greenwich elapsed time: 323.324539 seconds (0d 0h 5m 23s)

---------------  T H R E A D  ---------------

Current thread (0x000002228b96f540):  JavaThread "C2 CompilerThread1" daemon [_thread_in_native, id=3460, stack(0x000000d753200000,0x000000d753300000) (1024K)]


Current CompileTask:
C2:323324 11849       4       java.io.DataOutputStream::writeUTF (389 bytes)

Stack: [0x000000d753200000,0x000000d753300000]
Native frames: (J=compiled Java code, j=interpreted, Vv=VM code, C=native code)
V  [jvm.dll+0x6d6e29]
V  [jvm.dll+0x8b4b76]
V  [jvm.dll+0x8b712e]
V  [jvm.dll+0x8b7813]
V  [jvm.dll+0x283d86]
V  [jvm.dll+0xc66ed]
V  [jvm.dll+0xc6c31]
V  [jvm.dll+0x2facee]
V  [jvm.dll+0x5fde44]
V  [jvm.dll+0x255557]
V  [jvm.dll+0x24db6a]
V  [jvm.dll+0x24b482]
V  [jvm.dll+0x1cb13e]
V  [jvm.dll+0x25b29d]
V  [jvm.dll+0x25982a]
V  [jvm.dll+0x3f7ea6]
V  [jvm.dll+0x85e9ad]
V  [jvm.dll+0x6d565d]
C  [ucrtbase.dll+0x37b0]
C  [KERNEL32.DLL+0x2e8d7]
C  [ntdll.dll+0x8c48c]


---------------  P R O C E S S  ---------------

Threads class SMR info:
_java_thread_list=0x000002228b68a8c0, length=46, elements={
0x00000222281d0860, 0x0000022240d77fe0, 0x0000022240d79d00, 0x0000022240d7d3a0,
0x0000022240d7e070, 0x0000022240d80ad0, 0x0000022240d81520, 0x0000022240d842b0,
0x0000022283783b40, 0x0000022283947d40, 0x00000222839bfc90, 0x0000022288969110,
0x000002228864d2e0, 0x000002228866e1d0, 0x000002228866e830, 0x000002228878d090,
0x0000022288bd70c0, 0x0000022288a2e960, 0x0000022288a2dc40, 0x0000022288a2c200,
0x0000022288a2d5b0, 0x000002228917ed10, 0x000002228917dff0, 0x000002228917d960,
0x000002228917fa30, 0x0000022289180750, 0x000002228917e680, 0x000002228917f3a0,
0x00000222891800c0, 0x000002228917d2d0, 0x000002228c251fa0, 0x000002228c253350,
0x000002228c251910, 0x000002228c252cc0, 0x000002228c254070, 0x000002228c251280,
0x000002228c256140, 0x000002228c2574f0, 0x000002228c255420, 0x000002228c257b80,
0x000002228c256e60, 0x000002228c2567d0, 0x000002228c258210, 0x000002228a7ab650,
0x000002228a7a81d0, 0x000002228b96f540
}

Java Threads: ( => current thread )
  0x00000222281d0860 JavaThread "main"                              [_thread_blocked, id=15864, stack(0x000000d751200000,0x000000d751300000) (1024K)]
  0x0000022240d77fe0 JavaThread "Reference Handler"          daemon [_thread_blocked, id=13192, stack(0x000000d751600000,0x000000d751700000) (1024K)]
  0x0000022240d79d00 JavaThread "Finalizer"                  daemon [_thread_blocked, id=14468, stack(0x000000d751700000,0x000000d751800000) (1024K)]
  0x0000022240d7d3a0 JavaThread "Signal Dispatcher"          daemon [_thread_blocked, id=12332, stack(0x000000d751800000,0x000000d751900000) (1024K)]
  0x0000022240d7e070 JavaThread "Attach Listener"            daemon [_thread_blocked, id=6420, stack(0x000000d751900000,0x000000d751a00000) (1024K)]
  0x0000022240d80ad0 JavaThread "Service Thread"             daemon [_thread_blocked, id=1852, stack(0x000000d751a00000,0x000000d751b00000) (1024K)]
  0x0000022240d81520 JavaThread "Monitor Deflation Thread"   daemon [_thread_blocked, id=3040, stack(0x000000d751b00000,0x000000d751c00000) (1024K)]
  0x0000022240d842b0 JavaThread "C2 CompilerThread0"         daemon [_thread_blocked, id=1376, stack(0x000000d751c00000,0x000000d751d00000) (1024K)]
  0x0000022283783b40 JavaThread "C1 CompilerThread0"         daemon [_thread_blocked, id=3076, stack(0x000000d751d00000,0x000000d751e00000) (1024K)]
  0x0000022283947d40 JavaThread "Common-Cleaner"             daemon [_thread_blocked, id=14872, stack(0x000000d751e00000,0x000000d751f00000) (1024K)]
  0x00000222839bfc90 JavaThread "Notification Thread"        daemon [_thread_blocked, id=10604, stack(0x000000d751f00000,0x000000d752000000) (1024K)]
  0x0000022288969110 JavaThread "Active Thread: Equinox Container: a92db37a-1664-473c-b15e-9b85f5c799d8"        [_thread_blocked, id=10480, stack(0x000000d752800000,0x000000d752900000) (1024K)]
  0x000002228864d2e0 JavaThread "Refresh Thread: Equinox Container: a92db37a-1664-473c-b15e-9b85f5c799d8" daemon [_thread_blocked, id=2956, stack(0x000000d752100000,0x000000d752200000) (1024K)]
  0x000002228866e1d0 JavaThread "Framework Event Dispatcher: Equinox Container: a92db37a-1664-473c-b15e-9b85f5c799d8" daemon [_thread_blocked, id=8404, stack(0x000000d752900000,0x000000d752a00000) (1024K)]
  0x000002228866e830 JavaThread "Start Level: Equinox Container: a92db37a-1664-473c-b15e-9b85f5c799d8" daemon [_thread_blocked, id=4276, stack(0x000000d752a00000,0x000000d752b00000) (1024K)]
  0x000002228878d090 JavaThread "Bundle File Closer"         daemon [_thread_blocked, id=1952, stack(0x000000d752c00000,0x000000d752d00000) (1024K)]
  0x0000022288bd70c0 JavaThread "SCR Component Actor"        daemon [_thread_blocked, id=10356, stack(0x000000d752b00000,0x000000d752c00000) (1024K)]
  0x0000022288a2e960 JavaThread "Worker-JM"                         [_thread_blocked, id=12860, stack(0x000000d752e00000,0x000000d752f00000) (1024K)]
  0x0000022288a2dc40 JavaThread "JNA Cleaner"                daemon [_thread_blocked, id=11924, stack(0x000000d752d00000,0x000000d752e00000) (1024K)]
  0x0000022288a2c200 JavaThread "Worker-1"                          [_thread_blocked, id=9224, stack(0x000000d753000000,0x000000d753100000) (1024K)]
  0x0000022288a2d5b0 JavaThread "Java indexing"              daemon [_thread_blocked, id=10476, stack(0x000000d753400000,0x000000d753500000) (1024K)]
  0x000002228917ed10 JavaThread "Thread-1"                   daemon [_thread_in_native, id=13824, stack(0x000000d753900000,0x000000d753a00000) (1024K)]
  0x000002228917dff0 JavaThread "Thread-2"                   daemon [_thread_in_native, id=15468, stack(0x000000d753a00000,0x000000d753b00000) (1024K)]
  0x000002228917d960 JavaThread "Thread-3"                   daemon [_thread_in_native, id=6448, stack(0x000000d753b00000,0x000000d753c00000) (1024K)]
  0x000002228917fa30 JavaThread "Thread-4"                   daemon [_thread_in_native, id=15612, stack(0x000000d753c00000,0x000000d753d00000) (1024K)]
  0x0000022289180750 JavaThread "Thread-5"                   daemon [_thread_in_native, id=12936, stack(0x000000d753d00000,0x000000d753e00000) (1024K)]
  0x000002228917e680 JavaThread "Thread-6"                   daemon [_thread_in_native, id=12660, stack(0x000000d753e00000,0x000000d753f00000) (1024K)]
  0x000002228917f3a0 JavaThread "Thread-7"                   daemon [_thread_in_native, id=2164, stack(0x000000d753f00000,0x000000d754000000) (1024K)]
  0x00000222891800c0 JavaThread "Thread-8"                   daemon [_thread_in_native, id=9612, stack(0x000000d754000000,0x000000d754100000) (1024K)]
  0x000002228917d2d0 JavaThread "Thread-9"                   daemon [_thread_in_native, id=14356, stack(0x000000d754100000,0x000000d754200000) (1024K)]
  0x000002228c251fa0 JavaThread "pool-2-thread-1"                   [_thread_blocked, id=15584, stack(0x000000d754200000,0x000000d754300000) (1024K)]
  0x000002228c253350 JavaThread "WorkspaceEventsHandler"            [_thread_blocked, id=12700, stack(0x000000d754300000,0x000000d754400000) (1024K)]
  0x000002228c251910 JavaThread "pool-1-thread-1"                   [_thread_blocked, id=4552, stack(0x000000d754400000,0x000000d754500000) (1024K)]
  0x000002228c252cc0 JavaThread "ForkJoinPool.commonPool-worker-3" daemon [_thread_blocked, id=10976, stack(0x000000d754700000,0x000000d754800000) (1024K)]
  0x000002228c254070 JavaThread "ForkJoinPool.commonPool-worker-4" daemon [_thread_blocked, id=4720, stack(0x000000d754800000,0x000000d754900000) (1024K)]
  0x000002228c251280 JavaThread "ForkJoinPool.commonPool-worker-6" daemon [_thread_blocked, id=4732, stack(0x000000d754a00000,0x000000d754b00000) (1024K)]
  0x000002228c256140 JavaThread "ForkJoinPool.commonPool-worker-7" daemon [_thread_blocked, id=14176, stack(0x000000d754b00000,0x000000d754c00000) (1024K)]
  0x000002228c2574f0 JavaThread "Worker-5"                          [_thread_blocked, id=13776, stack(0x000000d754c00000,0x000000d754d00000) (1024K)]
  0x000002228c255420 JavaThread "Cleaner-0"                  daemon [_thread_blocked, id=2240, stack(0x000000d753100000,0x000000d753200000) (1024K)]
  0x000002228c257b80 JavaThread "Compiler Source File Reader" daemon [_thread_blocked, id=6812, stack(0x000000d750f00000,0x000000d751000000) (1024K)]
  0x000002228c256e60 JavaThread "Compiler Source File Reader" daemon [_thread_blocked, id=13116, stack(0x000000d751000000,0x000000d751100000) (1024K)]
  0x000002228c2567d0 JavaThread "Compiler Source File Reader" daemon [_thread_blocked, id=13844, stack(0x000000d751100000,0x000000d751200000) (1024K)]
  0x000002228c258210 JavaThread "Java Debug Server"          daemon [_thread_in_native, id=1348, stack(0x000000d754e00000,0x000000d754f00000) (1024K)]
  0x000002228a7ab650 JavaThread "RxSchedulerPurge-1"         daemon [_thread_blocked, id=14772, stack(0x000000d755000000,0x000000d755100000) (1024K)]
  0x000002228a7a81d0 JavaThread "RxCachedWorkerPoolEvictor-1" daemon [_thread_blocked, id=8588, stack(0x000000d755100000,0x000000d755200000) (1024K)]
=>0x000002228b96f540 JavaThread "C2 CompilerThread1"         daemon [_thread_in_native, id=3460, stack(0x000000d753200000,0x000000d753300000) (1024K)]
Total: 46

Other Threads:
  0x0000022240d73680 VMThread "VM Thread"                           [id=10300, stack(0x000000d751500000,0x000000d751600000) (1024K)]
  0x0000022228422510 WatcherThread "VM Periodic Task Thread"        [id=3148, stack(0x000000d751400000,0x000000d751500000) (1024K)]
  0x00000222283d12a0 WorkerThread "GC Thread#0"                     [id=5368, stack(0x000000d751300000,0x000000d751400000) (1024K)]
  0x0000022283ac9df0 WorkerThread "GC Thread#1"                     [id=11296, stack(0x000000d752200000,0x000000d752300000) (1024K)]
  0x00000222881b2160 WorkerThread "GC Thread#2"                     [id=12496, stack(0x000000d752300000,0x000000d752400000) (1024K)]
  0x00000222883caf90 WorkerThread "GC Thread#3"                     [id=5956, stack(0x000000d752400000,0x000000d752500000) (1024K)]
  0x00000222883cb330 WorkerThread "GC Thread#4"                     [id=15916, stack(0x000000d752500000,0x000000d752600000) (1024K)]
  0x00000222883cb6d0 WorkerThread "GC Thread#5"                     [id=3212, stack(0x000000d752600000,0x000000d752700000) (1024K)]
  0x00000222883cba70 WorkerThread "GC Thread#6"                     [id=6664, stack(0x000000d752700000,0x000000d752800000) (1024K)]
  0x000002228867e820 WorkerThread "GC Thread#7"                     [id=2116, stack(0x000000d752000000,0x000000d752100000) (1024K)]
Total: 10

Threads with active compile tasks:
C2 CompilerThread1  323362 11849       4       java.io.DataOutputStream::writeUTF (389 bytes)
Total: 1

VM state: not at safepoint (normal execution)

VM Mutex/Monitor currently owned by a thread: None

Heap address: 0x0000000080000000, size: 2048 MB, Compressed Oops mode: 32-bit

CDS archive(s) mapped at: [0x0000022241000000-0x0000022241ba0000-0x0000022241ba0000), size 12189696, SharedBaseAddress: 0x0000022241000000, ArchiveRelocationMode: 1.
Compressed class space mapped at: 0x0000022242000000-0x0000022282000000, reserved size: 1073741824
Narrow klass base: 0x0000022241000000, Narrow klass shift: 0, Narrow klass range: 0x100000000

GC Precious Log:
 CardTable entry size: 512
 CPUs: 8 total, 8 available
 Memory: 16026M
 Large Page Support: Disabled
 NUMA Support: Disabled
 Compressed Oops: Enabled (32-bit)
 Alignments: Space 512K, Generation 512K, Heap 2M
 Heap Min Capacity: 100M
 Heap Initial Capacity: 100M
 Heap Max Capacity: 2G
 Pre-touch: Disabled
 Parallel Workers: 8

Heap:
 PSYoungGen      total 9728K, used 7703K [0x00000000d5580000, 0x00000000d6a80000, 0x0000000100000000)
  eden space 9216K, 78% used [0x00000000d5580000,0x00000000d5c86d30,0x00000000d5e80000)
  from space 512K, 99% used [0x00000000d6380000,0x00000000d63ff298,0x00000000d6400000)
  to   space 6144K, 0% used [0x00000000d6480000,0x00000000d6480000,0x00000000d6a80000)
 ParOldGen       total 123904K, used 123497K [0x0000000080000000, 0x0000000087900000, 0x00000000d5580000)
  object space 123904K, 99% used [0x0000000080000000,0x000000008789a5a0,0x0000000087900000)
 Metaspace       used 72871K, committed 74432K, reserved 1179648K
  class space    used 7870K, committed 8576K, reserved 1048576K

Card table byte_map: [0x000002223c0c0000,0x000002223c4d0000] _byte_map_base: 0x000002223bcc0000

Marking Bits: (ParMarkBitMap*) 0x00007ffe1bd42460
 Begin Bits: [0x000002223c780000, 0x000002223e780000)
 End Bits:   [0x000002223e780000, 0x0000022240780000)

Polling page: 0x0000022228470000

Metaspace:

Usage:
  Non-class:     63.48 MB used.
      Class:      7.69 MB used.
       Both:     71.16 MB used.

Virtual space:
  Non-class space:      128.00 MB reserved,      64.31 MB ( 50%) committed,  2 nodes.
      Class space:        1.00 GB reserved,       8.38 MB ( <1%) committed,  1 nodes.
             Both:        1.12 GB reserved,      72.69 MB (  6%) committed. 

Chunk freelists:
   Non-Class:  15.22 MB
       Class:  7.66 MB
        Both:  22.88 MB

MaxMetaspaceSize: unlimited
CompressedClassSpaceSize: 1.00 GB
Initial GC threshold: 21.00 MB
Current GC threshold: 97.31 MB
CDS: on
 - commit_granule_bytes: 65536.
 - commit_granule_words: 8192.
 - virtual_space_node_default_size: 8388608.
 - enlarge_chunks_in_place: 1.
 - use_allocation_guard: 0.


Internal statistics:

num_allocs_failed_limit: 9.
num_arena_births: 1390.
num_arena_deaths: 18.
num_vsnodes_births: 3.
num_vsnodes_deaths: 0.
num_space_committed: 1163.
num_space_uncommitted: 0.
num_chunks_returned_to_freelist: 29.
num_chunks_taken_from_freelist: 4893.
num_chunk_merges: 16.
num_chunk_splits: 2991.
num_chunks_enlarged: 1632.
num_inconsistent_stats: 0.

CodeHeap 'non-profiled nmethods': size=120000Kb used=8233Kb max_used=8233Kb free=111767Kb
 bounds [0x00000222349b0000, 0x00000222351c0000, 0x000002223bee0000]
CodeHeap 'profiled nmethods': size=120000Kb used=25348Kb max_used=25348Kb free=94651Kb
 bounds [0x000002222cee0000, 0x000002222e7b0000, 0x0000022234410000]
CodeHeap 'non-nmethods': size=5760Kb used=1488Kb max_used=1541Kb free=4272Kb
 bounds [0x0000022234410000, 0x0000022234680000, 0x00000222349b0000]
CodeCache: size=245760Kb, used=35069Kb, max_used=35122Kb, free=210690Kb
 total_blobs=11910, nmethods=11105, adapters=710, full_count=0
Compilation: enabled, stopped_count=0, restarted_count=0

Compilation events (20 events):
Event: 320.260 Thread 0x0000022283783b40 11811       3       java.io.ObjectStreamClass::isRecord (9 bytes)
Event: 320.260 Thread 0x0000022283783b40 nmethod 11811 0x000002222e79d490 code [0x000002222e79d640, 0x000002222e79d8b0]
Event: 320.260 Thread 0x0000022283783b40 11844       3       java.io.ObjectOutputStream$BlockDataOutputStream::writeUTF (46 bytes)
Event: 320.261 Thread 0x0000022283783b40 nmethod 11844 0x000002222e79d990 code [0x000002222e79dba0, 0x000002222e79e008]
Event: 320.261 Thread 0x0000022283783b40 11832       1       java.util.HashMap::loadFactor (5 bytes)
Event: 320.261 Thread 0x0000022283783b40 nmethod 11832 0x00000222351b4d10 code [0x00000222351b4ea0, 0x00000222351b4f68]
Event: 320.262 Thread 0x0000022283783b40 11846       3       jdk.xml.internal.XMLSecurityManager$NameMap::getOldName (18 bytes)
Event: 320.262 Thread 0x0000022283783b40 nmethod 11846 0x000002222e79e210 code [0x000002222e79e3c0, 0x000002222e79e580]
Event: 321.298 Thread 0x0000022283783b40 11847       3       org.eclipse.core.internal.dtree.NoDataDeltaNode::<init> (7 bytes)
Event: 321.299 Thread 0x0000022283783b40 nmethod 11847 0x000002222e79e690 code [0x000002222e79e840, 0x000002222e79eb00]
Event: 321.299 Thread 0x0000022283783b40 11848       3       jdk.internal.util.ByteArray::setUnsignedShort (12 bytes)
Event: 321.299 Thread 0x000002228b96f540 11849       4       java.io.DataOutputStream::writeUTF (389 bytes)
Event: 321.300 Thread 0x0000022283783b40 nmethod 11848 0x000002222e79ec10 code [0x000002222e79ee00, 0x000002222e79f350]
Event: 321.300 Thread 0x0000022240d842b0 nmethod 11833 0x00000222351b5010 code [0x00000222351b5460, 0x00000222351b6848]
Event: 321.300 Thread 0x0000022240d842b0 11850       4       java.io.DataOutputStream::writeByte (14 bytes)
Event: 321.303 Thread 0x0000022283783b40 11853   !   3       java.lang.invoke.InvokerBytecodeGenerator::resolveInvokerMember (43 bytes)
Event: 321.303 Thread 0x0000022283783b40 nmethod 11853 0x000002222e79f590 code [0x000002222e79f780, 0x000002222e79fac8]
Event: 321.426 Thread 0x0000022283783b40 11854       1       org.eclipse.lsp4j.jsonrpc.RemoteEndpoint::getJsonHandler (5 bytes)
Event: 323.321 Thread 0x0000022283783b40 nmethod 11854 0x00000222351b8190 code [0x00000222351b8320, 0x00000222351b83e8]
Event: 323.321 Thread 0x0000022283783b40 11855   !   3       org.eclipse.jdt.ls.core.internal.ConnectionStreamFactory$NamedPipeOutputStream::write (130 bytes)

GC Heap History (20 events):
Event: 34.709 GC heap before
{Heap before GC invocations=219 (full 3):
 PSYoungGen      total 10240K, used 9754K [0x00000000d5580000, 0x00000000d6380000, 0x0000000100000000)
  eden space 9216K, 99% used [0x00000000d5580000,0x00000000d5e7f1b0,0x00000000d5e80000)
  from space 1024K, 52% used [0x00000000d6000000,0x00000000d60878e0,0x00000000d6100000)
  to   space 1536K, 0% used [0x00000000d6200000,0x00000000d6200000,0x00000000d6380000)
 ParOldGen       total 112640K, used 112148K [0x0000000080000000, 0x0000000086e00000, 0x00000000d5580000)
  object space 112640K, 99% used [0x0000000080000000,0x0000000086d853d8,0x0000000086e00000)
 Metaspace       used 67250K, committed 68736K, reserved 1114112K
  class space    used 7138K, committed 7744K, reserved 1048576K
}
Event: 34.714 GC heap after
{Heap after GC invocations=219 (full 3):
 PSYoungGen      total 10752K, used 1184K [0x00000000d5580000, 0x00000000d6380000, 0x0000000100000000)
  eden space 9216K, 0% used [0x00000000d5580000,0x00000000d5580000,0x00000000d5e80000)
  from space 1536K, 77% used [0x00000000d6200000,0x00000000d6328000,0x00000000d6380000)
  to   space 1536K, 0% used [0x00000000d6080000,0x00000000d6080000,0x00000000d6200000)
 ParOldGen       total 112640K, used 112489K [0x0000000080000000, 0x0000000086e00000, 0x00000000d5580000)
  object space 112640K, 99% used [0x0000000080000000,0x0000000086dda430,0x0000000086e00000)
 Metaspace       used 67250K, committed 68736K, reserved 1114112K
  class space    used 7138K, committed 7744K, reserved 1048576K
}
Event: 34.873 GC heap before
{Heap before GC invocations=220 (full 3):
 PSYoungGen      total 10752K, used 10400K [0x00000000d5580000, 0x00000000d6380000, 0x0000000100000000)
  eden space 9216K, 100% used [0x00000000d5580000,0x00000000d5e80000,0x00000000d5e80000)
  from space 1536K, 77% used [0x00000000d6200000,0x00000000d6328000,0x00000000d6380000)
  to   space 1536K, 0% used [0x00000000d6080000,0x00000000d6080000,0x00000000d6200000)
 ParOldGen       total 112640K, used 112489K [0x0000000080000000, 0x0000000086e00000, 0x00000000d5580000)
  object space 112640K, 99% used [0x0000000080000000,0x0000000086dda430,0x0000000086e00000)
 Metaspace       used 67787K, committed 69312K, reserved 1114112K
  class space    used 7202K, committed 7808K, reserved 1048576K
}
Event: 34.876 GC heap after
{Heap after GC invocations=220 (full 3):
 PSYoungGen      total 10752K, used 1424K [0x00000000d5580000, 0x00000000d6280000, 0x0000000100000000)
  eden space 9216K, 0% used [0x00000000d5580000,0x00000000d5580000,0x00000000d5e80000)
  from space 1536K, 92% used [0x00000000d6080000,0x00000000d61e41f0,0x00000000d6200000)
  to   space 512K, 0% used [0x00000000d6200000,0x00000000d6200000,0x00000000d6280000)
 ParOldGen       total 113664K, used 113494K [0x0000000080000000, 0x0000000086f00000, 0x00000000d5580000)
  object space 113664K, 99% used [0x0000000080000000,0x0000000086ed5830,0x0000000086f00000)
 Metaspace       used 67787K, committed 69312K, reserved 1114112K
  class space    used 7202K, committed 7808K, reserved 1048576K
}
Event: 70.184 GC heap before
{Heap before GC invocations=221 (full 3):
 PSYoungGen      total 10752K, used 10640K [0x00000000d5580000, 0x00000000d6280000, 0x0000000100000000)
  eden space 9216K, 100% used [0x00000000d5580000,0x00000000d5e80000,0x00000000d5e80000)
  from space 1536K, 92% used [0x00000000d6080000,0x00000000d61e41f0,0x00000000d6200000)
  to   space 512K, 0% used [0x00000000d6200000,0x00000000d6200000,0x00000000d6280000)
 ParOldGen       total 113664K, used 113494K [0x0000000080000000, 0x0000000086f00000, 0x00000000d5580000)
  object space 113664K, 99% used [0x0000000080000000,0x0000000086ed5830,0x0000000086f00000)
 Metaspace       used 68609K, committed 70144K, reserved 1114112K
  class space    used 7307K, committed 7936K, reserved 1048576K
}
Event: 70.186 GC heap after
{Heap after GC invocations=221 (full 3):
 PSYoungGen      total 9728K, used 500K [0x00000000d5580000, 0x00000000d6280000, 0x0000000100000000)
  eden space 9216K, 0% used [0x00000000d5580000,0x00000000d5580000,0x00000000d5e80000)
  from space 512K, 97% used [0x00000000d6200000,0x00000000d627d200,0x00000000d6280000)
  to   space 1536K, 0% used [0x00000000d5f80000,0x00000000d5f80000,0x00000000d6100000)
 ParOldGen       total 114176K, used 113814K [0x0000000080000000, 0x0000000086f80000, 0x00000000d5580000)
  object space 114176K, 99% used [0x0000000080000000,0x0000000086f25850,0x0000000086f80000)
 Metaspace       used 68609K, committed 70144K, reserved 1114112K
  class space    used 7307K, committed 7936K, reserved 1048576K
}
Event: 71.467 GC heap before
{Heap before GC invocations=222 (full 3):
 PSYoungGen      total 9728K, used 9716K [0x00000000d5580000, 0x00000000d6280000, 0x0000000100000000)
  eden space 9216K, 100% used [0x00000000d5580000,0x00000000d5e80000,0x00000000d5e80000)
  from space 512K, 97% used [0x00000000d6200000,0x00000000d627d200,0x00000000d6280000)
  to   space 1536K, 0% used [0x00000000d5f80000,0x00000000d5f80000,0x00000000d6100000)
 ParOldGen       total 114176K, used 113814K [0x0000000080000000, 0x0000000086f80000, 0x00000000d5580000)
  object space 114176K, 99% used [0x0000000080000000,0x0000000086f25850,0x0000000086f80000)
 Metaspace       used 68798K, committed 70272K, reserved 1114112K
  class space    used 7336K, committed 7936K, reserved 1048576K
}
Event: 71.472 GC heap after
{Heap after GC invocations=222 (full 3):
 PSYoungGen      total 10752K, used 1525K [0x00000000d5580000, 0x00000000d6a80000, 0x0000000100000000)
  eden space 9216K, 0% used [0x00000000d5580000,0x00000000d5580000,0x00000000d5e80000)
  from space 1536K, 99% used [0x00000000d5f80000,0x00000000d60fd550,0x00000000d6100000)
  to   space 6144K, 0% used [0x00000000d6480000,0x00000000d6480000,0x00000000d6a80000)
 ParOldGen       total 117248K, used 117216K [0x0000000080000000, 0x0000000087280000, 0x00000000d5580000)
  object space 117248K, 99% used [0x0000000080000000,0x0000000087278088,0x0000000087280000)
 Metaspace       used 68798K, committed 70272K, reserved 1114112K
  class space    used 7336K, committed 7936K, reserved 1048576K
}
Event: 71.736 GC heap before
{Heap before GC invocations=223 (full 3):
 PSYoungGen      total 10752K, used 10670K [0x00000000d5580000, 0x00000000d6a80000, 0x0000000100000000)
  eden space 9216K, 99% used [0x00000000d5580000,0x00000000d5e6e670,0x00000000d5e80000)
  from space 1536K, 99% used [0x00000000d5f80000,0x00000000d60fd550,0x00000000d6100000)
  to   space 6144K, 0% used [0x00000000d6480000,0x00000000d6480000,0x00000000d6a80000)
 ParOldGen       total 117248K, used 117216K [0x0000000080000000, 0x0000000087280000, 0x00000000d5580000)
  object space 117248K, 99% used [0x0000000080000000,0x0000000087278088,0x0000000087280000)
 Metaspace       used 69281K, committed 70848K, reserved 1114112K
  class space    used 7398K, committed 8064K, reserved 1048576K
}
Event: 71.738 GC heap after
{Heap after GC invocations=223 (full 3):
 PSYoungGen      total 10752K, used 1118K [0x00000000d5580000, 0x00000000d6600000, 0x0000000100000000)
  eden space 9216K, 0% used [0x00000000d5580000,0x00000000d5580000,0x00000000d5e80000)
  from space 1536K, 72% used [0x00000000d6480000,0x00000000d6597ad0,0x00000000d6600000)
  to   space 2560K, 0% used [0x00000000d6100000,0x00000000d6100000,0x00000000d6380000)
 ParOldGen       total 117760K, used 117408K [0x0000000080000000, 0x0000000087300000, 0x00000000d5580000)
  object space 117760K, 99% used [0x0000000080000000,0x00000000872a8098,0x0000000087300000)
 Metaspace       used 69281K, committed 70848K, reserved 1114112K
  class space    used 7398K, committed 8064K, reserved 1048576K
}
Event: 71.838 GC heap before
{Heap before GC invocations=224 (full 3):
 PSYoungGen      total 10752K, used 10334K [0x00000000d5580000, 0x00000000d6600000, 0x0000000100000000)
  eden space 9216K, 100% used [0x00000000d5580000,0x00000000d5e80000,0x00000000d5e80000)
  from space 1536K, 72% used [0x00000000d6480000,0x00000000d6597ad0,0x00000000d6600000)
  to   space 2560K, 0% used [0x00000000d6100000,0x00000000d6100000,0x00000000d6380000)
 ParOldGen       total 117760K, used 117408K [0x0000000080000000, 0x0000000087300000, 0x00000000d5580000)
  object space 117760K, 99% used [0x0000000080000000,0x00000000872a8098,0x0000000087300000)
 Metaspace       used 69294K, committed 70848K, reserved 1114112K
  class space    used 7398K, committed 8064K, reserved 1048576K
}
Event: 71.841 GC heap after
{Heap after GC invocations=224 (full 3):
 PSYoungGen      total 11776K, used 160K [0x00000000d5580000, 0x00000000d6500000, 0x0000000100000000)
  eden space 9216K, 0% used [0x00000000d5580000,0x00000000d5580000,0x00000000d5e80000)
  from space 2560K, 6% used [0x00000000d6100000,0x00000000d6128000,0x00000000d6380000)
  to   space 1024K, 0% used [0x00000000d6400000,0x00000000d6400000,0x00000000d6500000)
 ParOldGen       total 118784K, used 118462K [0x0000000080000000, 0x0000000087400000, 0x00000000d5580000)
  object space 118784K, 99% used [0x0000000080000000,0x00000000873af8c8,0x0000000087400000)
 Metaspace       used 69294K, committed 70848K, reserved 1114112K
  class space    used 7398K, committed 8064K, reserved 1048576K
}
Event: 72.247 GC heap before
{Heap before GC invocations=225 (full 3):
 PSYoungGen      total 11776K, used 9376K [0x00000000d5580000, 0x00000000d6500000, 0x0000000100000000)
  eden space 9216K, 100% used [0x00000000d5580000,0x00000000d5e80000,0x00000000d5e80000)
  from space 2560K, 6% used [0x00000000d6100000,0x00000000d6128000,0x00000000d6380000)
  to   space 1024K, 0% used [0x00000000d6400000,0x00000000d6400000,0x00000000d6500000)
 ParOldGen       total 118784K, used 118462K [0x0000000080000000, 0x0000000087400000, 0x00000000d5580000)
  object space 118784K, 99% used [0x0000000080000000,0x00000000873af8c8,0x0000000087400000)
 Metaspace       used 70377K, committed 71936K, reserved 1114112K
  class space    used 7501K, committed 8192K, reserved 1048576K
}
Event: 72.248 GC heap after
{Heap after GC invocations=225 (full 3):
 PSYoungGen      total 9728K, used 465K [0x00000000d5580000, 0x00000000d6480000, 0x0000000100000000)
  eden space 9216K, 0% used [0x00000000d5580000,0x00000000d5580000,0x00000000d5e80000)
  from space 512K, 90% used [0x00000000d6400000,0x00000000d64745c8,0x00000000d6480000)
  to   space 1024K, 0% used [0x00000000d6280000,0x00000000d6280000,0x00000000d6380000)
 ParOldGen       total 118784K, used 118502K [0x0000000080000000, 0x0000000087400000, 0x00000000d5580000)
  object space 118784K, 99% used [0x0000000080000000,0x00000000873b98c8,0x0000000087400000)
 Metaspace       used 70377K, committed 71936K, reserved 1114112K
  class space    used 7501K, committed 8192K, reserved 1048576K
}
Event: 72.382 GC heap before
{Heap before GC invocations=226 (full 3):
 PSYoungGen      total 9728K, used 9681K [0x00000000d5580000, 0x00000000d6480000, 0x0000000100000000)
  eden space 9216K, 100% used [0x00000000d5580000,0x00000000d5e80000,0x00000000d5e80000)
  from space 512K, 90% used [0x00000000d6400000,0x00000000d64745c8,0x00000000d6480000)
  to   space 1024K, 0% used [0x00000000d6280000,0x00000000d6280000,0x00000000d6380000)
 ParOldGen       total 118784K, used 118502K [0x0000000080000000, 0x0000000087400000, 0x00000000d5580000)
  object space 118784K, 99% used [0x0000000080000000,0x00000000873b98c8,0x0000000087400000)
 Metaspace       used 71337K, committed 72896K, reserved 1114112K
  class space    used 7660K, committed 8320K, reserved 1048576K
}
Event: 72.383 GC heap after
{Heap after GC invocations=226 (full 3):
 PSYoungGen      total 10240K, used 304K [0x00000000d5580000, 0x00000000d6480000, 0x0000000100000000)
  eden space 9216K, 0% used [0x00000000d5580000,0x00000000d5580000,0x00000000d5e80000)
  from space 1024K, 29% used [0x00000000d6280000,0x00000000d62cc010,0x00000000d6380000)
  to   space 512K, 0% used [0x00000000d6400000,0x00000000d6400000,0x00000000d6480000)
 ParOldGen       total 119296K, used 118813K [0x0000000080000000, 0x0000000087480000, 0x00000000d5580000)
  object space 119296K, 99% used [0x0000000080000000,0x00000000874074a8,0x0000000087480000)
 Metaspace       used 71337K, committed 72896K, reserved 1114112K
  class space    used 7660K, committed 8320K, reserved 1048576K
}
Event: 73.744 GC heap before
{Heap before GC invocations=227 (full 3):
 PSYoungGen      total 10240K, used 9520K [0x00000000d5580000, 0x00000000d6480000, 0x0000000100000000)
  eden space 9216K, 100% used [0x00000000d5580000,0x00000000d5e80000,0x00000000d5e80000)
  from space 1024K, 29% used [0x00000000d6280000,0x00000000d62cc010,0x00000000d6380000)
  to   space 512K, 0% used [0x00000000d6400000,0x00000000d6400000,0x00000000d6480000)
 ParOldGen       total 119296K, used 118813K [0x0000000080000000, 0x0000000087480000, 0x00000000d5580000)
  object space 119296K, 99% used [0x0000000080000000,0x00000000874074a8,0x0000000087480000)
 Metaspace       used 72401K, committed 73984K, reserved 1179648K
  class space    used 7820K, committed 8512K, reserved 1048576K
}
Event: 73.746 GC heap after
{Heap after GC invocations=227 (full 3):
 PSYoungGen      total 9728K, used 416K [0x00000000d5580000, 0x00000000d6480000, 0x0000000100000000)
  eden space 9216K, 0% used [0x00000000d5580000,0x00000000d5580000,0x00000000d5e80000)
  from space 512K, 81% used [0x00000000d6400000,0x00000000d6468000,0x00000000d6480000)
  to   space 512K, 0% used [0x00000000d6380000,0x00000000d6380000,0x00000000d6400000)
 ParOldGen       total 119296K, used 118981K [0x0000000080000000, 0x0000000087480000, 0x00000000d5580000)
  object space 119296K, 99% used [0x0000000080000000,0x00000000874314d8,0x0000000087480000)
 Metaspace       used 72401K, committed 73984K, reserved 1179648K
  class space    used 7820K, committed 8512K, reserved 1048576K
}
Event: 219.854 GC heap before
{Heap before GC invocations=228 (full 3):
 PSYoungGen      total 9728K, used 9386K [0x00000000d5580000, 0x00000000d6480000, 0x0000000100000000)
  eden space 9216K, 97% used [0x00000000d5580000,0x00000000d5e429c8,0x00000000d5e80000)
  from space 512K, 81% used [0x00000000d6400000,0x00000000d6468000,0x00000000d6480000)
  to   space 512K, 0% used [0x00000000d6380000,0x00000000d6380000,0x00000000d6400000)
 ParOldGen       total 119296K, used 118981K [0x0000000080000000, 0x0000000087480000, 0x00000000d5580000)
  object space 119296K, 99% used [0x0000000080000000,0x00000000874314d8,0x0000000087480000)
 Metaspace       used 72572K, committed 74176K, reserved 1179648K
  class space    used 7840K, committed 8512K, reserved 1048576K
}
Event: 219.858 GC heap after
{Heap after GC invocations=228 (full 3):
 PSYoungGen      total 9728K, used 508K [0x00000000d5580000, 0x00000000d6a80000, 0x0000000100000000)
  eden space 9216K, 0% used [0x00000000d5580000,0x00000000d5580000,0x00000000d5e80000)
  from space 512K, 99% used [0x00000000d6380000,0x00000000d63ff298,0x00000000d6400000)
  to   space 6144K, 0% used [0x00000000d6480000,0x00000000d6480000,0x00000000d6a80000)
 ParOldGen       total 123904K, used 123497K [0x0000000080000000, 0x0000000087900000, 0x00000000d5580000)
  object space 123904K, 99% used [0x0000000080000000,0x000000008789a5a0,0x0000000087900000)
 Metaspace       used 72572K, committed 74176K, reserved 1179648K
  class space    used 7840K, committed 8512K, reserved 1048576K
}

Dll operation events (11 events):
Event: 0.022 Loaded shared library c:\Users\KOUAME\.vscode\extensions\redhat.java-1.52.0-win32-x64\jre\21.0.9-win32-x86_64\bin\java.dll
Event: 0.311 Loaded shared library c:\Users\KOUAME\.vscode\extensions\redhat.java-1.52.0-win32-x64\jre\21.0.9-win32-x86_64\bin\zip.dll
Event: 0.344 Loaded shared library C:\Users\KOUAME\.vscode\extensions\redhat.java-1.52.0-win32-x64\jre\21.0.9-win32-x86_64\bin\instrument.dll
Event: 0.352 Loaded shared library C:\Users\KOUAME\.vscode\extensions\redhat.java-1.52.0-win32-x64\jre\21.0.9-win32-x86_64\bin\net.dll
Event: 0.358 Loaded shared library C:\Users\KOUAME\.vscode\extensions\redhat.java-1.52.0-win32-x64\jre\21.0.9-win32-x86_64\bin\nio.dll
Event: 0.364 Loaded shared library C:\Users\KOUAME\.vscode\extensions\redhat.java-1.52.0-win32-x64\jre\21.0.9-win32-x86_64\bin\zip.dll
Event: 0.391 Loaded shared library C:\Users\KOUAME\.vscode\extensions\redhat.java-1.52.0-win32-x64\jre\21.0.9-win32-x86_64\bin\jimage.dll
Event: 0.545 Loaded shared library c:\Users\KOUAME\.vscode\extensions\redhat.java-1.52.0-win32-x64\jre\21.0.9-win32-x86_64\bin\verify.dll
Event: 3.024 Loaded shared library C:\Users\KOUAME\AppData\Roaming\Code\User\globalStorage\redhat.java\1.52.0\config_win\org.eclipse.equinox.launcher\org.eclipse.equinox.launcher.win32.win32.x86_64_1.2.1500.v20260121-1430\eclipse_11919.dll
Event: 5.855 Loaded shared library C:\Users\KOUAME\AppData\Local\Temp\jna--2072225656\jna10269803145878278814.dll
Event: 72.152 Loaded shared library C:\Users\KOUAME\.vscode\extensions\redhat.java-1.52.0-win32-x64\jre\21.0.9-win32-x86_64\bin\extnet.dll

Deoptimization events (20 events):
Event: 321.298 Thread 0x0000022288a2c200 Uncommon trap: trap_request=0xffffffde fr.pc=0x00000222350bbee0 relative=0x0000000000000320
Event: 321.298 Thread 0x0000022288a2c200 Uncommon trap: reason=class_check action=maybe_recompile pc=0x00000222350bbee0 method=java.io.DataOutputStream.writeByte(I)V @ 5 c2
Event: 321.298 Thread 0x0000022288a2c200 DEOPT PACKING pc=0x00000222350bbee0 sp=0x000000d7530fefe0
Event: 321.298 Thread 0x0000022288a2c200 DEOPT UNPACKING pc=0x0000022234466da2 sp=0x000000d7530fef98 mode 2
Event: 321.298 Thread 0x0000022288a2c200 Uncommon trap: trap_request=0xffffffde fr.pc=0x00000222350b80b8 relative=0x0000000000000b78
Event: 321.298 Thread 0x0000022288a2c200 Uncommon trap: reason=class_check action=maybe_recompile pc=0x00000222350b80b8 method=java.io.DataOutputStream.write([BII)V @ 7 c2
Event: 321.298 Thread 0x0000022288a2c200 DEOPT PACKING pc=0x00000222350b80b8 sp=0x000000d7530fef10
Event: 321.298 Thread 0x0000022288a2c200 DEOPT UNPACKING pc=0x0000022234466da2 sp=0x000000d7530fee40 mode 2
Event: 321.298 Thread 0x0000022288a2c200 Uncommon trap: trap_request=0xffffffde fr.pc=0x00000222350b80b8 relative=0x0000000000000b78
Event: 321.298 Thread 0x0000022288a2c200 Uncommon trap: reason=class_check action=maybe_recompile pc=0x00000222350b80b8 method=java.io.DataOutputStream.write([BII)V @ 7 c2
Event: 321.298 Thread 0x0000022288a2c200 DEOPT PACKING pc=0x00000222350b80b8 sp=0x000000d7530fee60
Event: 321.298 Thread 0x0000022288a2c200 DEOPT UNPACKING pc=0x0000022234466da2 sp=0x000000d7530fed90 mode 2
Event: 321.299 Thread 0x0000022288a2c200 Uncommon trap: trap_request=0xffffffde fr.pc=0x00000222350b9be4 relative=0x0000000000000424
Event: 321.299 Thread 0x0000022288a2c200 Uncommon trap: reason=class_check action=maybe_recompile pc=0x00000222350b9be4 method=java.io.DataOutputStream.writeInt(I)V @ 19 c2
Event: 321.299 Thread 0x0000022288a2c200 DEOPT PACKING pc=0x00000222350b9be4 sp=0x000000d7530fe990
Event: 321.299 Thread 0x0000022288a2c200 DEOPT UNPACKING pc=0x0000022234466da2 sp=0x000000d7530fe938 mode 2
Event: 321.310 Thread 0x0000022288a2c200 Uncommon trap: trap_request=0xffffffc6 fr.pc=0x00000222350e2044 relative=0x00000000000026c4
Event: 321.310 Thread 0x0000022288a2c200 Uncommon trap: reason=bimorphic_or_optimized_type_check action=maybe_recompile pc=0x00000222350e2044 method=java.util.Properties.load0(Ljava/util/Properties$LineReader;)V @ 241 c2
Event: 321.310 Thread 0x0000022288a2c200 DEOPT PACKING pc=0x00000222350e2044 sp=0x000000d7530ff080
Event: 321.310 Thread 0x0000022288a2c200 DEOPT UNPACKING pc=0x0000022234466da2 sp=0x000000d7530ff050 mode 2

Classes loaded (20 events):
Event: 75.019 Loading class java/lang/ProcessHandleImpl$1
Event: 75.019 Loading class java/lang/ProcessHandleImpl$1 done
Event: 75.021 Loading class java/util/concurrent/CompletableFuture$UniHandle
Event: 75.021 Loading class java/util/concurrent/CompletableFuture$UniHandle done
Event: 320.222 Loading class java/util/stream/Nodes$CollectorTask$OfRef
Event: 320.222 Loading class java/util/stream/Nodes$CollectorTask
Event: 320.223 Loading class java/util/stream/Nodes$CollectorTask done
Event: 320.223 Loading class java/util/stream/Nodes$CollectorTask$OfRef done
Event: 320.227 Loading class java/util/function/LongFunction
Event: 320.227 Loading class java/util/function/LongFunction done
Event: 320.227 Loading class java/util/stream/Nodes$ConcNode
Event: 320.227 Loading class java/util/stream/Nodes$AbstractConcNode
Event: 320.227 Loading class java/util/stream/Nodes$AbstractConcNode done
Event: 320.227 Loading class java/util/stream/Nodes$ConcNode done
Event: 320.232 Loading class java/io/ObjectOutputStream$BlockDataOutputStream
Event: 320.233 Loading class java/io/ObjectOutputStream$BlockDataOutputStream done
Event: 320.233 Loading class java/io/ObjectOutputStream$HandleTable
Event: 320.234 Loading class java/io/ObjectOutputStream$HandleTable done
Event: 320.234 Loading class java/io/ObjectOutputStream$ReplaceTable
Event: 320.234 Loading class java/io/ObjectOutputStream$ReplaceTable done

Classes unloaded (9 events):
Event: 6.980 Thread 0x0000022240d73680 Unloading class 0x00000222421aac00 'java/lang/invoke/LambdaForm$MH+0x00000222421aac00'
Event: 6.980 Thread 0x0000022240d73680 Unloading class 0x00000222421aa800 'java/lang/invoke/LambdaForm$MH+0x00000222421aa800'
Event: 6.980 Thread 0x0000022240d73680 Unloading class 0x00000222421aa400 'java/lang/invoke/LambdaForm$MH+0x00000222421aa400'
Event: 6.980 Thread 0x0000022240d73680 Unloading class 0x00000222421aa000 'java/lang/invoke/LambdaForm$MH+0x00000222421aa000'
Event: 6.980 Thread 0x0000022240d73680 Unloading class 0x00000222421a9c00 'java/lang/invoke/LambdaForm$BMH+0x00000222421a9c00'
Event: 6.980 Thread 0x0000022240d73680 Unloading class 0x00000222421a9800 'java/lang/invoke/LambdaForm$DMH+0x00000222421a9800'
Event: 6.980 Thread 0x0000022240d73680 Unloading class 0x00000222421a8400 'java/lang/invoke/LambdaForm$DMH+0x00000222421a8400'
Event: 18.334 Thread 0x0000022240d73680 Unloading class 0x00000222426b4c00 'java/lang/invoke/LambdaForm$DMH+0x00000222426b4c00'
Event: 18.334 Thread 0x0000022240d73680 Unloading class 0x00000222426b4400 'java/lang/invoke/LambdaForm$DMH+0x00000222426b4400'

Classes redefined (0 events):
No events

Internal exceptions (20 events):
Event: 71.720 Thread 0x000002228c250bf0 Exception <a 'sun/nio/fs/WindowsException'{0x00000000d5e1a980}> (0x00000000d5e1a980) 
thrown [s\src\hotspot\share\prims\jni.cpp, line 520]
Event: 71.720 Thread 0x000002228c250bf0 Exception <a 'sun/nio/fs/WindowsException'{0x00000000d5e1b2f8}> (0x00000000d5e1b2f8) 
thrown [s\src\hotspot\share\prims\jni.cpp, line 520]
Event: 71.720 Thread 0x000002228c250bf0 Exception <a 'sun/nio/fs/WindowsException'{0x00000000d5e1cc70}> (0x00000000d5e1cc70) 
thrown [s\src\hotspot\share\prims\jni.cpp, line 520]
Event: 71.720 Thread 0x000002228c250bf0 Exception <a 'sun/nio/fs/WindowsException'{0x00000000d5e1d338}> (0x00000000d5e1d338) 
thrown [s\src\hotspot\share\prims\jni.cpp, line 520]
Event: 71.726 Thread 0x000002228c250bf0 Exception <a 'sun/nio/fs/WindowsException'{0x00000000d5e39780}> (0x00000000d5e39780) 
thrown [s\src\hotspot\share\prims\jni.cpp, line 520]
Event: 71.726 Thread 0x000002228c250bf0 Exception <a 'sun/nio/fs/WindowsException'{0x00000000d5e3a0f8}> (0x00000000d5e3a0f8) 
thrown [s\src\hotspot\share\prims\jni.cpp, line 520]
Event: 72.199 Thread 0x000002228c254d90 Exception <a 'java/io/FileNotFoundException'{0x00000000d5bbc560}> (0x00000000d5bbc560) 
thrown [s\src\hotspot\share\prims\jni.cpp, line 520]
Event: 72.428 Thread 0x000002228c254d90 Exception <a 'java/lang/NoSuchMethodError'{0x00000000d5879f48}: 'java.lang.Object java.lang.invoke.DirectMethodHandle$Holder.invokeVirtual(java.lang.Object, java.lang.Object, java.lang.Object, java.lang.Object)'> (0x00000000d5879f48) 
thrown [s\src\hotspot\share\interpreter\linkResolver.cpp, line 773]
Event: 72.492 Thread 0x000002228a7a9580 Exception <a 'java/lang/NoSuchMethodError'{0x00000000d5c8fb78}: 'java.lang.Object java.lang.invoke.DirectMethodHandle$Holder.invokeStatic(java.lang.Object, long, java.lang.Object, java.lang.Object)'> (0x00000000d5c8fb78) 
thrown [s\src\hotspot\share\interpreter\linkResolver.cpp, line 773]
Event: 72.517 Thread 0x000002228a7a9580 Exception <a 'sun/nio/fs/WindowsException'{0x00000000d5d40e20}> (0x00000000d5d40e20) 
thrown [s\src\hotspot\share\prims\jni.cpp, line 520]
Event: 72.517 Thread 0x000002228a7a9580 Exception <a 'sun/nio/fs/WindowsException'{0x00000000d5d42100}> (0x00000000d5d42100) 
thrown [s\src\hotspot\share\prims\jni.cpp, line 520]
Event: 72.546 Thread 0x000002228a7a9580 Exception <a 'java/lang/NoSuchMethodError'{0x00000000d5deb638}: 'void java.lang.invoke.DirectMethodHandle$Holder.invokeStatic(java.lang.Object, java.lang.Object, java.lang.Object, java.lang.Object, java.lang.Object, java.lang.Object, java.lang.Object)'> (0x00000000d5deb638) 
thrown [s\src\hotspot\share\interpreter\linkResolver.cpp, line 773]
Event: 73.720 Thread 0x000002228a7aa930 Exception <a 'java/lang/NoSuchMethodError'{0x00000000d5e29da0}: 'long java.lang.invoke.DelegatingMethodHandle$Holder.reinvoke_L(java.lang.Object, java.lang.Object)'> (0x00000000d5e29da0) 
thrown [s\src\hotspot\share\interpreter\linkResolver.cpp, line 773]
Event: 73.721 Thread 0x000002228a7aa930 Exception <a 'java/lang/NoSuchMethodError'{0x00000000d5e33f10}: 'void java.lang.invoke.DelegatingMethodHandle$Holder.reinvoke_L(java.lang.Object, java.lang.Object, long)'> (0x00000000d5e33f10) 
thrown [s\src\hotspot\share\interpreter\linkResolver.cpp, line 773]
Event: 75.022 Thread 0x000002228a7aa930 Exception <a 'java/lang/NoSuchMethodError'{0x00000000d5642248}: 'long java.lang.invoke.Invokers$Holder.invokeExact_MT(java.lang.Object, java.lang.Object, java.lang.Object)'> (0x00000000d5642248) 
thrown [s\src\hotspot\share\interpreter\linkResolver.cpp, line 773]
Event: 320.217 Thread 0x0000022288a2c200 Exception <a 'sun/nio/fs/WindowsException'{0x00000000d5aa9068}> (0x00000000d5aa9068) 
thrown [s\src\hotspot\share\prims\jni.cpp, line 520]
Event: 320.218 Thread 0x0000022288a2c200 Exception <a 'sun/nio/fs/WindowsException'{0x00000000d5aa9c60}> (0x00000000d5aa9c60) 
thrown [s\src\hotspot\share\prims\jni.cpp, line 520]
Event: 320.219 Thread 0x0000022288a2c200 Implicit null exception at 0x0000022234fb0f0d to 0x0000022234fb127c
Event: 320.259 Thread 0x0000022288a2c200 Exception <a 'java/lang/NoSuchMethodError'{0x00000000d5b7e1c8}: static [J.<clinit>()V> (0x00000000d5b7e1c8) 
thrown [s\src\hotspot\share\prims\jni.cpp, line 1111]
Event: 321.303 Thread 0x0000022288a2c200 Exception <a 'java/lang/NoSuchMethodError'{0x00000000d5c51480}: 'java.lang.Object java.lang.invoke.DirectMethodHandle$Holder.newInvokeSpecial(java.lang.Object, java.lang.Object, java.lang.Object, java.lang.Object, java.lang.Object, java.lang.Object, java.lang.Object, java.lang.Object)'> (0x00000000d5c51480) 
thrown [s\src\hotspot\share\interpreter\linkResolver.cpp, line 773]

ZGC Phase Switch (0 events):
No events

VM Operations (20 events):
Event: 214.679 Executing VM operation: Cleanup
Event: 214.679 Executing VM operation: Cleanup done
Event: 219.854 Executing VM operation: ParallelGCFailedAllocation (Allocation Failure)
Event: 219.858 Executing VM operation: ParallelGCFailedAllocation (Allocation Failure) done
Event: 220.873 Executing VM operation: Cleanup
Event: 220.873 Executing VM operation: Cleanup done
Event: 245.076 Executing VM operation: Cleanup
Event: 245.076 Executing VM operation: Cleanup done
Event: 300.513 Executing VM operation: HandshakeAllThreads (HandshakeForDeflation)
Event: 300.513 Executing VM operation: HandshakeAllThreads (HandshakeForDeflation) done
Event: 300.513 Executing VM operation: RendezvousGCThreads
Event: 300.513 Executing VM operation: RendezvousGCThreads done
Event: 320.226 Executing VM operation: HandshakeAllThreads (Deoptimize)
Event: 320.226 Executing VM operation: HandshakeAllThreads (Deoptimize) done
Event: 320.226 Executing VM operation: Cleanup
Event: 320.226 Executing VM operation: Cleanup done
Event: 321.233 Executing VM operation: Cleanup
Event: 321.297 Executing VM operation: Cleanup done
Event: 322.298 Executing VM operation: Cleanup
Event: 323.320 Executing VM operation: Cleanup done

Memory protections (0 events):
No events

Nmethod flushes (20 events):
Event: 18.367 Thread 0x0000022240d73680 flushing  nmethod 0x000002222d6eae10
Event: 18.367 Thread 0x0000022240d73680 flushing  nmethod 0x000002222d718910
Event: 18.367 Thread 0x0000022240d73680 flushing  nmethod 0x000002222d71ec90
Event: 18.367 Thread 0x0000022240d73680 flushing osr nmethod 0x000002222d78c310
Event: 18.367 Thread 0x0000022240d73680 flushing  nmethod 0x000002222d792210
Event: 18.367 Thread 0x0000022240d73680 flushing  nmethod 0x000002222d7abb10
Event: 18.367 Thread 0x0000022240d73680 flushing  nmethod 0x000002222d7c0e90
Event: 18.367 Thread 0x0000022240d73680 flushing  nmethod 0x000002222d7c4390
Event: 18.367 Thread 0x0000022240d73680 flushing  nmethod 0x000002222d7c4710
Event: 18.367 Thread 0x0000022240d73680 flushing  nmethod 0x000002222d7c4a90
Event: 18.367 Thread 0x0000022240d73680 flushing  nmethod 0x000002222d7c6e10
Event: 18.367 Thread 0x0000022240d73680 flushing  nmethod 0x000002222d7cc610
Event: 18.367 Thread 0x0000022240d73680 flushing  nmethod 0x000002222d7e4190
Event: 18.367 Thread 0x0000022240d73680 flushing  nmethod 0x000002222d7e4890
Event: 18.367 Thread 0x0000022240d73680 flushing  nmethod 0x000002222d7e5110
Event: 18.367 Thread 0x0000022240d73680 flushing  nmethod 0x000002222d7e5710
Event: 18.367 Thread 0x0000022240d73680 flushing  nmethod 0x000002222d7e9510
Event: 18.367 Thread 0x0000022240d73680 flushing  nmethod 0x000002222d7f2710
Event: 18.367 Thread 0x0000022240d73680 flushing  nmethod 0x000002222d7f7e10
Event: 18.367 Thread 0x0000022240d73680 flushing osr nmethod 0x000002222d88ca90

Events (20 events):
Event: 75.020 Thread 0x000002228a7aa930 Thread added: 0x000002228a7aa2a0
Event: 75.025 Thread 0x000002228a7aa930 Thread exited: 0x000002228a7aa930
Event: 131.676 Thread 0x000002228c254700 Thread exited: 0x000002228c254700
Event: 131.708 Thread 0x0000022288a2b4e0 Thread exited: 0x0000022288a2b4e0
Event: 131.708 Thread 0x0000022288a2cf20 Thread exited: 0x0000022288a2cf20
Event: 131.708 Thread 0x0000022288a2e2d0 Thread exited: 0x0000022288a2e2d0
Event: 131.708 Thread 0x0000022288a2bb70 Thread exited: 0x0000022288a2bb70
Event: 153.057 Thread 0x000002228c250bf0 Thread exited: 0x000002228c250bf0
Event: 213.681 Thread 0x000002228c2539e0 Thread exited: 0x000002228c2539e0
Event: 214.394 Thread 0x000002228a7a9580 Thread exited: 0x000002228a7a9580
Event: 219.881 Thread 0x0000022283783b40 Thread added: 0x000002228b96f540
Event: 225.266 Thread 0x000002228b96f540 Thread exited: 0x000002228b96f540
Event: 244.397 Thread 0x000002228c254d90 Thread exited: 0x000002228c254d90
Event: 274.389 Thread 0x000002228a7aa2a0 Thread exited: 0x000002228a7aa2a0
Event: 279.918 Thread 0x000002228c252630 Thread exited: 0x000002228c252630
Event: 320.221 Thread 0x0000022288a2c200 Thread added: 0x000002228a7a8ef0
Event: 320.228 Thread 0x000002228a7a8ef0 Thread exited: 0x000002228a7a8ef0
Event: 320.265 Thread 0x0000022288a2c200 Thread added: 0x000002228a7a9c10
Event: 320.267 Thread 0x000002228a7a9c10 Thread exited: 0x000002228a7a9c10
Event: 321.299 Thread 0x0000022283783b40 Thread added: 0x000002228b96f540


Dynamic libraries:
0x00007ff7988e0000 - 0x00007ff7988ee000 	c:\Users\KOUAME\.vscode\extensions\redhat.java-1.52.0-win32-x64\jre\21.0.9-win32-x86_64\bin\java.exe
0x00007ffebee80000 - 0x00007ffebf0e7000 	C:\WINDOWS\SYSTEM32\ntdll.dll
0x00007ffebeb90000 - 0x00007ffebec59000 	C:\WINDOWS\System32\KERNEL32.DLL
0x00007ffebb980000 - 0x00007ffebbd72000 	C:\WINDOWS\System32\KERNELBASE.dll
0x00007ffebc000000 - 0x00007ffebc14b000 	C:\WINDOWS\System32\ucrtbase.dll
0x00007ffe89a60000 - 0x00007ffe89a78000 	c:\Users\KOUAME\.vscode\extensions\redhat.java-1.52.0-win32-x64\jre\21.0.9-win32-x86_64\bin\jli.dll
0x00007ffebd210000 - 0x00007ffebd3d5000 	C:\WINDOWS\System32\USER32.dll
0x00007ffe89a40000 - 0x00007ffe89a5e000 	c:\Users\KOUAME\.vscode\extensions\redhat.java-1.52.0-win32-x64\jre\21.0.9-win32-x86_64\bin\VCRUNTIME140.dll
0x00007ffebcbf0000 - 0x00007ffebcc17000 	C:\WINDOWS\System32\win32u.dll
0x00007ffebccc0000 - 0x00007ffebcceb000 	C:\WINDOWS\System32\GDI32.dll
0x00007ffe9d5b0000 - 0x00007ffe9d843000 	C:\WINDOWS\WinSxS\amd64_microsoft.windows.common-controls_6595b64144ccf1df_6.0.26100.7755_none_3e0b5aece331b9b7\COMCTL32.dll
0x00007ffebbed0000 - 0x00007ffebbffa000 	C:\WINDOWS\System32\gdi32full.dll
0x00007ffebea60000 - 0x00007ffebeb09000 	C:\WINDOWS\System32\msvcrt.dll
0x00007ffebc150000 - 0x00007ffebc1f3000 	C:\WINDOWS\System32\msvcp_win.dll
0x00007ffebce60000 - 0x00007ffebce91000 	C:\WINDOWS\System32\IMM32.DLL
0x00007ffe9e0f0000 - 0x00007ffe9e0fc000 	c:\Users\KOUAME\.vscode\extensions\redhat.java-1.52.0-win32-x64\jre\21.0.9-win32-x86_64\bin\vcruntime140_1.dll
0x00007ffe35bb0000 - 0x00007ffe35c3d000 	c:\Users\KOUAME\.vscode\extensions\redhat.java-1.52.0-win32-x64\jre\21.0.9-win32-x86_64\bin\msvcp140.dll
0x00007ffe1b080000 - 0x00007ffe1be20000 	c:\Users\KOUAME\.vscode\extensions\redhat.java-1.52.0-win32-x64\jre\21.0.9-win32-x86_64\bin\server\jvm.dll
0x00007ffebdcb0000 - 0x00007ffebdd63000 	C:\WINDOWS\System32\ADVAPI32.dll
0x00007ffebcd20000 - 0x00007ffebcdc6000 	C:\WINDOWS\System32\sechost.dll
0x00007ffebe680000 - 0x00007ffebe798000 	C:\WINDOWS\System32\RPCRT4.dll
0x00007ffebeb10000 - 0x00007ffebeb84000 	C:\WINDOWS\System32\WS2_32.dll
0x00007ffebb5c0000 - 0x00007ffebb61e000 	C:\WINDOWS\SYSTEM32\POWRPROF.dll
0x00007ffeb4220000 - 0x00007ffeb4255000 	C:\WINDOWS\SYSTEM32\WINMM.dll
0x00007ffeabcc0000 - 0x00007ffeabccb000 	C:\WINDOWS\SYSTEM32\VERSION.dll
0x00007ffebb5a0000 - 0x00007ffebb5b4000 	C:\WINDOWS\SYSTEM32\UMPDC.dll
0x00007ffeba4c0000 - 0x00007ffeba4db000 	C:\WINDOWS\SYSTEM32\kernel.appcore.dll
0x00007ffe89ec0000 - 0x00007ffe89eca000 	c:\Users\KOUAME\.vscode\extensions\redhat.java-1.52.0-win32-x64\jre\21.0.9-win32-x86_64\bin\jimage.dll
0x00007ffeb9410000 - 0x00007ffeb9652000 	C:\WINDOWS\SYSTEM32\DBGHELP.DLL
0x00007ffebdd70000 - 0x00007ffebe0f3000 	C:\WINDOWS\System32\combase.dll
0x00007ffebe100000 - 0x00007ffebe1d7000 	C:\WINDOWS\System32\OLEAUT32.dll
0x00007ffe9bb90000 - 0x00007ffe9bbcb000 	C:\WINDOWS\SYSTEM32\dbgcore.DLL
0x00007ffebb760000 - 0x00007ffebb805000 	C:\WINDOWS\System32\bcryptPrimitives.dll
0x00007ffe89b20000 - 0x00007ffe89b2f000 	c:\Users\KOUAME\.vscode\extensions\redhat.java-1.52.0-win32-x64\jre\21.0.9-win32-x86_64\bin\instrument.dll
0x00007ffe89a20000 - 0x00007ffe89a40000 	c:\Users\KOUAME\.vscode\extensions\redhat.java-1.52.0-win32-x64\jre\21.0.9-win32-x86_64\bin\java.dll
0x00007ffebd540000 - 0x00007ffebdca6000 	C:\WINDOWS\System32\SHELL32.dll
0x00007ffebb810000 - 0x00007ffebb97a000 	C:\WINDOWS\System32\wintypes.dll
0x00007ffebc380000 - 0x00007ffebcbe5000 	C:\WINDOWS\System32\windows.storage.dll
0x00007ffebe810000 - 0x00007ffebe909000 	C:\WINDOWS\System32\SHCORE.dll
0x00007ffebe7a0000 - 0x00007ffebe807000 	C:\WINDOWS\System32\shlwapi.dll
0x00007ffebb680000 - 0x00007ffebb6a8000 	C:\WINDOWS\SYSTEM32\profapi.dll
0x00007ffe89a00000 - 0x00007ffe89a18000 	c:\Users\KOUAME\.vscode\extensions\redhat.java-1.52.0-win32-x64\jre\21.0.9-win32-x86_64\bin\zip.dll
0x00007ffe899f0000 - 0x00007ffe89a00000 	C:\Users\KOUAME\.vscode\extensions\redhat.java-1.52.0-win32-x64\jre\21.0.9-win32-x86_64\bin\net.dll
0x00007ffeb61c0000 - 0x00007ffeb62e7000 	C:\WINDOWS\SYSTEM32\WINHTTP.dll
0x00007ffebaa10000 - 0x00007ffebaa7b000 	C:\WINDOWS\system32\mswsock.dll
0x00007ffe788c0000 - 0x00007ffe788d6000 	C:\Users\KOUAME\.vscode\extensions\redhat.java-1.52.0-win32-x64\jre\21.0.9-win32-x86_64\bin\nio.dll
0x00007ffe899e0000 - 0x00007ffe899f0000 	c:\Users\KOUAME\.vscode\extensions\redhat.java-1.52.0-win32-x64\jre\21.0.9-win32-x86_64\bin\verify.dll
0x00007ffe97600000 - 0x00007ffe97645000 	C:\Users\KOUAME\AppData\Roaming\Code\User\globalStorage\redhat.java\1.52.0\config_win\org.eclipse.equinox.launcher\org.eclipse.equinox.launcher.win32.win32.x86_64_1.2.1500.v20260121-1430\eclipse_11919.dll
0x00007ffebd070000 - 0x00007ffebd206000 	C:\WINDOWS\System32\ole32.dll
0x00007ffebae10000 - 0x00007ffebae2b000 	C:\WINDOWS\SYSTEM32\CRYPTSP.dll
0x00007ffeba420000 - 0x00007ffeba459000 	C:\WINDOWS\system32\rsaenh.dll
0x00007ffebaac0000 - 0x00007ffebaaf2000 	C:\WINDOWS\SYSTEM32\USERENV.dll
0x00007ffebb650000 - 0x00007ffebb67a000 	C:\WINDOWS\SYSTEM32\bcrypt.dll
0x00007ffebac70000 - 0x00007ffebac7c000 	C:\WINDOWS\SYSTEM32\CRYPTBASE.dll
0x00007ffeb9f60000 - 0x00007ffeb9f93000 	C:\WINDOWS\SYSTEM32\IPHLPAPI.DLL
0x00007ffebce50000 - 0x00007ffebce5a000 	C:\WINDOWS\System32\NSI.dll
0x00007ffea6710000 - 0x00007ffea6759000 	C:\Users\KOUAME\AppData\Local\Temp\jna--2072225656\jna10269803145878278814.dll
0x00007ffebccb0000 - 0x00007ffebccb8000 	C:\WINDOWS\System32\PSAPI.DLL
0x00007ffeb6340000 - 0x00007ffeb635e000 	C:\WINDOWS\SYSTEM32\dhcpcsvc6.DLL
0x00007ffeb6310000 - 0x00007ffeb6333000 	C:\WINDOWS\SYSTEM32\dhcpcsvc.DLL
0x00007ffea6760000 - 0x00007ffea6769000 	C:\Users\KOUAME\.vscode\extensions\redhat.java-1.52.0-win32-x64\jre\21.0.9-win32-x86_64\bin\extnet.dll

JVMTI agents:
c:\Users\KOUAME\.vscode\extensions\redhat.java-1.52.0-win32-x64\lombok\lombok-1.18.39-4050.jar path:c:\Users\KOUAME\.vscode\extensions\redhat.java-1.52.0-win32-x64\jre\21.0.9-win32-x86_64\bin\instrument.dll, loaded, initialized, instrumentlib options:none

dbghelp: loaded successfully - version: 4.0.5 - missing functions: none
symbol engine: initialized successfully - sym options: 0x614 - pdb path: .;c:\Users\KOUAME\.vscode\extensions\redhat.java-1.52.0-win32-x64\jre\21.0.9-win32-x86_64\bin;C:\WINDOWS\SYSTEM32;C:\WINDOWS\WinSxS\amd64_microsoft.windows.common-controls_6595b64144ccf1df_6.0.26100.7755_none_3e0b5aece331b9b7;c:\Users\KOUAME\.vscode\extensions\redhat.java-1.52.0-win32-x64\jre\21.0.9-win32-x86_64\bin\server;C:\Users\KOUAME\AppData\Roaming\Code\User\globalStorage\redhat.java\1.52.0\config_win\org.eclipse.equinox.launcher\org.eclipse.equinox.launcher.win32.win32.x86_64_1.2.1500.v20260121-1430;C:\Users\KOUAME\AppData\Local\Temp\jna--2072225656

VM Arguments:
jvm_args: --add-modules=ALL-SYSTEM --add-opens=java.base/java.util=ALL-UNNAMED --add-opens=java.base/java.lang=ALL-UNNAMED --add-opens=java.base/sun.nio.fs=ALL-UNNAMED -Declipse.application=org.eclipse.jdt.ls.core.id1 -Dosgi.bundles.defaultStartLevel=4 -Declipse.product=org.eclipse.jdt.ls.core.product -Djava.import.generatesMetadataFilesAtProjectRoot=false -DDetectVMInstallationsJob.disabled=true -Dfile.encoding=utf8 -XX:+UseParallelGC -XX:GCTimeRatio=4 -XX:AdaptiveSizePolicyWeight=90 -Dsun.zip.disableMemoryMapping=true -Xmx2G -Xms100m -Xlog:disable -javaagent:c:\Users\KOUAME\.vscode\extensions\redhat.java-1.52.0-win32-x64\lombok\lombok-1.18.39-4050.jar -XX:+HeapDumpOnOutOfMemoryError -XX:HeapDumpPath=c:\Users\KOUAME\AppData\Roaming\Code\User\workspaceStorage\4384ede30ca2c96a8f5e0ed070ba864a\redhat.java -Daether.dependencyCollector.impl=bf 
java_command: c:\Users\KOUAME\.vscode\extensions\redhat.java-1.52.0-win32-x64\server\plugins\org.eclipse.equinox.launcher_1.7.100.v20251111-0406.jar -configuration c:\Users\KOUAME\AppData\Roaming\Code\User\globalStorage\redhat.java\1.52.0\config_win -data c:\Users\KOUAME\AppData\Roaming\Code\User\workspaceStorage\4384ede30ca2c96a8f5e0ed070ba864a\redhat.java\jdt_ws --pipe=\\.\pipe\lsp-b8bdad401c49e953d911a3e8c60b16eb-sock
java_class_path (initial): c:\Users\KOUAME\.vscode\extensions\redhat.java-1.52.0-win32-x64\server\plugins\org.eclipse.equinox.launcher_1.7.100.v20251111-0406.jar
Launcher Type: SUN_STANDARD

[Global flags]
    uintx AdaptiveSizePolicyWeight                 = 90                                        {product} {command line}
     intx CICompilerCount                          = 4                                         {product} {ergonomic}
    uintx GCTimeRatio                              = 4                                         {product} {command line}
     bool HeapDumpOnOutOfMemoryError               = true                                   {manageable} {command line}
    ccstr HeapDumpPath                             = c:\Users\KOUAME\AppData\Roaming\Code\User\workspaceStorage\4384ede30ca2c96a8f5e0ed070ba864a\redhat.java         {manageable} {command line}
   size_t InitialHeapSize                          = 104857600                                 {product} {command line}
   size_t MaxHeapSize                              = 2147483648                                {product} {command line}
   size_t MaxNewSize                               = 715653120                                 {product} {ergonomic}
   size_t MinHeapDeltaBytes                        = 524288                                    {product} {ergonomic}
   size_t MinHeapSize                              = 104857600                                 {product} {command line}
   size_t NewSize                                  = 34603008                                  {product} {ergonomic}
    uintx NonNMethodCodeHeapSize                   = 5839372                                {pd product} {ergonomic}
    uintx NonProfiledCodeHeapSize                  = 122909434                              {pd product} {ergonomic}
   size_t OldSize                                  = 70254592                                  {product} {ergonomic}
    uintx ProfiledCodeHeapSize                     = 122909434                              {pd product} {ergonomic}
    uintx ReservedCodeCacheSize                    = 251658240                              {pd product} {ergonomic}
     bool SegmentedCodeCache                       = true                                      {product} {ergonomic}
   size_t SoftMaxHeapSize                          = 2147483648                             {manageable} {ergonomic}
     bool UseCompressedOops                        = true                           {product lp64_product} {ergonomic}
     bool UseLargePagesIndividualAllocation        = false                                  {pd product} {ergonomic}
     bool UseParallelGC                            = true                                      {product} {command line}

Logging:
Log output configuration:
 #0: stdout all=off uptime,level,tags foldmultilines=false
 #1: stderr all=off uptime,level,tags foldmultilines=false

Release file:
JAVA_VERSION="21.0.9" 
MODULES="java.base java.compiler java.datatransfer java.xml java.prefs java.desktop java.instrument java.logging java.management java.security.sasl java.naming java.rmi java.management.rmi java.net.http java.scripting java.security.jgss java.transaction.xa java.sql java.sql.rowset java.xml.crypto java.se java.smartcardio jdk.accessibility jdk.internal.jvmstat jdk.attach jdk.charsets jdk.internal.opt jdk.zipfs jdk.compiler jdk.crypto.ec jdk.crypto.cryptoki jdk.crypto.mscapi jdk.dynalink jdk.internal.ed jdk.editpad jdk.hotspot.agent jdk.httpserver jdk.internal.le jdk.internal.vm.ci jdk.internal.vm.compiler jdk.internal.vm.compiler.management jdk.jartool jdk.javadoc jdk.jcmd jdk.management jdk.management.agent jdk.jconsole jdk.jdeps jdk.jdwp.agent jdk.jdi jdk.jfr jdk.jshell jdk.jsobject jdk.jstatd jdk.localedata jdk.management.jfr jdk.naming.dns jdk.naming.rmi jdk.net jdk.nio.mapmode jdk.random jdk.sctp jdk.security.auth jdk.security.jgss jdk.unsupported jdk.unsupported.desktop jdk.xml.dom" 

Environment Variables:
JAVA_HOME=C:\Program Files\Eclipse Adoptium\jdk-17.0.14+7
PATH=C:\Program Files (x86)\VMware\VMware Workstation\bin\;C:\Python314\Scripts\;C:\Python314\;c:\Users\KOUAME\AppData\Local\Programs\cursor\resources\app\bin;C:\Python313\Scripts\;C:\Python313\;C:\Program Files\Eclipse Adoptium\jdk-17.0.14+7\bin;C:\Program Files\Common Files\Oracle\Java\javapath;C:\Program Files (x86)\Common Files\Intel\Shared Libraries\redist\intel64\compiler;C:\Program Files\CodeBlocks\MinGW\bin;C:\WINDOWS\system32;C:\WINDOWS;C:\WINDOWS\System32\Wbem;C:\WINDOWS\System32\WindowsPowerShell\v1.0\;C:\WINDOWS\System32\OpenSSH\;C:\ProgramData\chocolatey\bin;C:\Program Files\dotnet\;C:\ProgramData\ComposerSetup\bin;C:\Users\KOUAME\Downloads\httpd-2.4.62-240904-win64-VS17\Apache24\bin;C:\Program Files\Git\cmd;C:\Program Files\Java\jdk-20\bin;C:\Program Files (x86)\Windows Kits\10\Windows Performance Toolkit\;C:\xampp\php;C:\Users\KOUAME\Desktop\PHP;C:\Program Files\Eclipse Adoptium\jdk-17.0.14+7\bin\bin;C:\Program Files\Common Files\Oracl;C:\WINDOWS\system32;C:\WINDOWS;C:\WINDOWS\System32\Wbem;C:\WINDOWS\System32\WindowsPowerShell\v1.0\;C:\WINDOWS\System32\OpenSSH\;C:\Users\KOUAME\AppData\Local\Android\Sdk;C:\Program Files\heroku\bin;C:\Program Files (x86)\Microsoft SQL Server\160\Tools\Binn\;C:\Program Files\Microsoft SQL Server\160\Tools\Binn\;C:\Program Files\Microsoft SQL Server\Client SDK\ODBC\170\Tools\Binn\;C:\Program Files\Microsoft SQL Server\160\DTS\Binn\;C:\Program Files\nodejs\;C:\Users\KOUAME\Desktop\PHP;C:\Users\KOUAME\AppData\Roaming\Python\Python313\Scripts;C:\Program Files\Eclipse Adoptium\jdk-17.0.14+7\bin\bin;C:\Python313\Scripts\;C:\Python313\;C:\Program Files\Eclipse Adoptium\jdk-17.0.14+7\bin;C:\Program Files\Common Files\Oracle\Java\javapath;C:\Program Files (x86)\Common Files\Intel\Shared Libraries\redist\intel64\compiler;C:\Program Files\CodeBlocks\MinGW\bin;C:\WINDOWS\system32;C:\WINDOWS;C:\WINDOWS\System32\Wbem;C:\WINDOWS\System32\WindowsPowerShell\v1.0\;C:\WINDOWS\System32\OpenSSH\;C:\ProgramData\chocolatey\bin;C:\Users\KOUAME\AppData\Local\Android\Sdk;C:\Program Files\dotnet\;C:\ProgramData\ComposerSetup\bin;C:\Users\KOUAME\Downloads\httpd-2.4.62-240904-win64-VS17\Apache24\bin;C:\Program Files\Git\cmd;C:\Program Files\Java\jdk-20\bin;C:\Program Files (x86)\Windows Kits\10\Windows Performance Toolkit\;C:\Program Files\nodejs\;C:\Users\KOUAME\AppData\Local\Programs\Python\Python311\Scripts\;C:\Users\KOUAME\AppData\Local\Programs\Python\Python311\;C:\Users\KOUAME\AppData\Local\Programs\Py;C:\Users\KOUAME\AppData\Roaming\Composer\vendor\bin;C:\Users\KOUAME\AppData\Local\Programs\cursor\resources\app\bin;C:\wamp64\bin\php\php8.3.14;C:\Users\KOUAME\AppData\Local\Microsoft\WindowsApps;C:\Users\KOUAME\AppData\Local\Android\Sdk\platform-tools;C:\src\flutter\bin;C:\Program Files\PostgreSQL\17\bin;C:\ngrok;C:\Users\KOUAME\AppData\Local\Google\Cloud SDK\google-cloud-sdk\bin;C:\Users\KOUAME\AppData\Local\Programs\Python\Python313\Scripts;C:\Users\KOUAME\AppData\Local\Programs\Microsoft VS Code\bin;C:\Users\KOUAME\AppData\Roaming\npm
USERNAME=KOUAME
OS=Windows_NT
PROCESSOR_IDENTIFIER=Intel64 Family 6 Model 140 Stepping 1, GenuineIntel
TMP=C:\Users\KOUAME\AppData\Local\Temp
TEMP=C:\Users\KOUAME\AppData\Local\Temp




Periodic native trim disabled

---------------  S Y S T E M  ---------------

OS:
 Windows 11 , 64 bit Build 26100 (10.0.26100.7755)
OS uptime: 0 days 0:17 hours
Hyper-V role detected

CPU: total 8 (initial active 8) (4 cores per cpu, 2 threads per core) family 6 model 140 stepping 1 microcode 0xb4, cx8, cmov, fxsr, ht, mmx, 3dnowpref, sse, sse2, sse3, ssse3, sse4.1, sse4.2, popcnt, lzcnt, tsc, tscinvbit, avx, avx2, aes, erms, clmul, bmi1, bmi2, adx, avx512f, avx512dq, avx512cd, avx512bw, avx512vl, sha, fma, vzeroupper, avx512_vpopcntdq, avx512_vpclmulqdq, avx512_vaes, avx512_vnni, clflush, clflushopt, clwb, avx512_vbmi2, avx512_vbmi, hv, rdtscp, rdpid, fsrm, gfni, avx512_bitalg, f16c, cet_ibt, cet_ss, avx512_ifma
Processor Information for processor 0
  Max Mhz: 2401, Current Mhz: 2400, Mhz Limit: 2376
Processor Information for processor 1
  Max Mhz: 2401, Current Mhz: 1100, Mhz Limit: 2376
Processor Information for processor 2
  Max Mhz: 2401, Current Mhz: 2400, Mhz Limit: 2376
Processor Information for processor 3
  Max Mhz: 2401, Current Mhz: 2400, Mhz Limit: 2376
Processor Information for processor 4
  Max Mhz: 2401, Current Mhz: 2400, Mhz Limit: 2376
Processor Information for processor 5
  Max Mhz: 2401, Current Mhz: 1100, Mhz Limit: 2376
Processor Information for processor 6
  Max Mhz: 2401, Current Mhz: 2400, Mhz Limit: 2376
Processor Information for processor 7
  Max Mhz: 2401, Current Mhz: 2400, Mhz Limit: 2376

Memory: 4k page, system-wide physical 16026M (2155M free)
TotalPageFile size 16026M (AvailPageFile size 3M)
current process WorkingSet (physical memory assigned to process): 344M, peak: 379M
current process commit charge ("private bytes"): 417M, peak: 448M

vm_info: OpenJDK 64-Bit Server VM (21.0.9+10-LTS) for windows-amd64 JRE (21.0.9+10-LTS), built on 2025-10-21T00:00:00Z by "admin" with unknown MS VC++:1942

END.
